<?xml version="1.0" encoding="UTF-8"?>
<!-- Generated by org.testng.reporters.JUnitReportReporter -->
<testsuite hostname="Dell-PC" failures="0" tests="1" name="Functional.TC_001_ValidInputs" time="1.423" errors="0" timestamp="2022-12-17T18:24:25 EST" skipped="0">
  <testcase classname="Functional.TC_001_ValidInputs" name="calculateCarb" time="1.423"/>
  <system-out/>
</testsuite> <!-- Functional.TC_001_ValidInputs -->
